c:\cs687_oop_syr\proj1\ver3\phase1(2)\phase1\consoleapplication19\consoleapplication19\debug\vc142.pdb
c:\cs687_oop_syr\proj1\ver3\phase1(2)\phase1\consoleapplication19\consoleapplication19\debug\vc142.idb
c:\cs687_oop_syr\proj1\ver3\phase1(2)\phase1\consoleapplication19\consoleapplication19\debug\creducer.obj
c:\cs687_oop_syr\proj1\ver3\phase1(2)\phase1\consoleapplication19\consoleapplication19\debug\consoleapplication19.obj
c:\cs687_oop_syr\proj1\ver3\phase1(2)\phase1\consoleapplication19\consoleapplication19\debug\cmap.obj
c:\cs687_oop_syr\proj1\ver3\phase1(2)\phase1\consoleapplication19\consoleapplication19\debug\cfilemanager.obj
c:\cs687demo\demo\cse687_projectphase1\consoleapplication19\debug\vc142.pdb
c:\cs687demo\demo\cse687_projectphase1\consoleapplication19\debug\vc142.idb
c:\cs687demo\demo\cse687_projectphase1\consoleapplication19\debug\creducer.obj
c:\cs687demo\demo\cse687_projectphase1\consoleapplication19\debug\consoleapplication19.obj
c:\cs687demo\demo\cse687_projectphase1\consoleapplication19\debug\cmap.obj
c:\cs687demo\demo\cse687_projectphase1\consoleapplication19\debug\cfilemanager.obj
c:\cs687_oop_syr\proj1\ver3\phase1(2)\phase1\consoleapplication19\debug\consoleapplication19.exe
c:\cs687_oop_syr\proj1\ver3\phase1(2)\phase1\consoleapplication19\consoleapplication19\debug\consoleapplication19.ilk
c:\cs687_oop_syr\proj1\ver3\phase1(2)\phase1\consoleapplication19\debug\consoleapplication19.pdb
c:\cs687demo\demo\cse687_projectphase1\debug\consoleapplication19.exe
c:\cs687demo\demo\cse687_projectphase1\consoleapplication19\debug\consoleapplication19.ilk
c:\cs687demo\demo\cse687_projectphase1\debug\consoleapplication19.pdb
c:\cs687demo\demo\cse687_projectphase1\consoleapplication19\debug\consolea.2b62676c.tlog\cl.command.1.tlog
c:\cs687demo\demo\cse687_projectphase1\consoleapplication19\debug\consolea.2b62676c.tlog\cl.read.1.tlog
c:\cs687demo\demo\cse687_projectphase1\consoleapplication19\debug\consolea.2b62676c.tlog\cl.write.1.tlog
c:\cs687demo\demo\cse687_projectphase1\consoleapplication19\debug\consolea.2b62676c.tlog\link.command.1.tlog
c:\cs687demo\demo\cse687_projectphase1\consoleapplication19\debug\consolea.2b62676c.tlog\link.read.1.tlog
c:\cs687demo\demo\cse687_projectphase1\consoleapplication19\debug\consolea.2b62676c.tlog\link.write.1.tlog
